<?xml version="1.0" encoding="UTF-8"?>
<robot generator="Robot 6.0.1 (Python 3.10.2 on win32)" generated="20221219 18:02:10.922" rpa="false" schemaversion="3">
<suite id="s1" name="First" source="c:\Users\zon13\Documents\GitHub\FormacaoOnJob\Automation\First.Robot">
<test id="s1-t1" name="Worten Search" line="5">
<kw name="Open Browser" library="SeleniumLibrary">
<arg>https://worten.pt</arg>
<arg>Edge</arg>
<doc>Opens a new browser instance to the optional ``url``.</doc>
<msg timestamp="20221219 18:02:11.235" level="INFO">Opening browser 'Edge' to base url 'https://worten.pt'.</msg>
<status status="PASS" starttime="20221219 18:02:11.234" endtime="20221219 18:02:14.588"/>
</kw>
<kw name="Maximize Browser Window" library="SeleniumLibrary">
<doc>Maximizes current browser window.</doc>
<status status="PASS" starttime="20221219 18:02:14.589" endtime="20221219 18:02:14.866"/>
</kw>
<kw name="Wait Until Element Is Visible" library="SeleniumLibrary">
<arg>class:w-button-primary</arg>
<doc>Waits until the element ``locator`` is visible.</doc>
<status status="PASS" starttime="20221219 18:02:14.866" endtime="20221219 18:02:14.956"/>
</kw>
<kw name="Click Button" library="SeleniumLibrary">
<arg>class:w-button-primary</arg>
<doc>Clicks the button identified by ``locator``.</doc>
<msg timestamp="20221219 18:02:14.957" level="INFO">Clicking button 'class:w-button-primary'.</msg>
<status status="PASS" starttime="20221219 18:02:14.956" endtime="20221219 18:02:15.315"/>
</kw>
<kw name="Input Text" library="SeleniumLibrary">
<arg>id:search-input</arg>
<arg>Monitor</arg>
<doc>Types the given ``text`` into the text field identified by ``locator``.</doc>
<msg timestamp="20221219 18:02:15.317" level="INFO">Typing text 'Monitor' into text field 'id:search-input'.</msg>
<status status="PASS" starttime="20221219 18:02:15.316" endtime="20221219 18:02:15.492"/>
</kw>
<kw name="Sleep" library="BuiltIn">
<arg>1s</arg>
<doc>Pauses the test executed for the given time.</doc>
<msg timestamp="20221219 18:02:16.513" level="INFO">Slept 1 second</msg>
<status status="PASS" starttime="20221219 18:02:15.498" endtime="20221219 18:02:16.513"/>
</kw>
<kw name="Press Keys" library="SeleniumLibrary">
<arg>None</arg>
<arg>RETURN</arg>
<doc>Simulates the user pressing key(s) to an element or on the active browser.</doc>
<msg timestamp="20221219 18:02:16.516" level="INFO">Sending key(s) ('RETURN',) to page.</msg>
<msg timestamp="20221219 18:02:16.516" level="INFO">Pressing special key RETURN to browser.</msg>
<msg timestamp="20221219 18:02:16.516" level="INFO">Releasing special key RETURN.</msg>
<status status="PASS" starttime="20221219 18:02:16.515" endtime="20221219 18:02:16.591"/>
</kw>
<kw name="Sleep" library="BuiltIn">
<arg>1s</arg>
<doc>Pauses the test executed for the given time.</doc>
<msg timestamp="20221219 18:02:17.606" level="INFO">Slept 1 second</msg>
<status status="PASS" starttime="20221219 18:02:16.592" endtime="20221219 18:02:17.606"/>
</kw>
<kw name="Click Element" library="SeleniumLibrary">
<arg>data:option:5 estrelas</arg>
<doc>Click the element identified by ``locator``.</doc>
<msg timestamp="20221219 18:02:17.609" level="INFO">Clicking element 'data:option:5 estrelas'.</msg>
<status status="PASS" starttime="20221219 18:02:17.607" endtime="20221219 18:02:17.769"/>
</kw>
<kw name="Sleep" library="BuiltIn">
<arg>1s</arg>
<doc>Pauses the test executed for the given time.</doc>
<msg timestamp="20221219 18:02:18.781" level="INFO">Slept 1 second</msg>
<status status="PASS" starttime="20221219 18:02:17.770" endtime="20221219 18:02:18.781"/>
</kw>
<kw name="Click Element" library="SeleniumLibrary">
<arg>data:option:24 horas úteis</arg>
<doc>Click the element identified by ``locator``.</doc>
<msg timestamp="20221219 18:02:18.784" level="INFO">Clicking element 'data:option:24 horas úteis'.</msg>
<status status="PASS" starttime="20221219 18:02:18.783" endtime="20221219 18:02:18.894"/>
</kw>
<kw name="Select From List By Value" library="SeleniumLibrary">
<arg>order_by_search</arg>
<arg>priceAsc</arg>
<doc>Selects options from selection list ``locator`` by ``values``.</doc>
<msg timestamp="20221219 18:02:18.896" level="INFO">Selecting options from selection list 'order_by_search' by value priceAsc.</msg>
<status status="PASS" starttime="20221219 18:02:18.895" endtime="20221219 18:02:19.344"/>
</kw>
<kw name="Sleep" library="BuiltIn">
<arg>10s</arg>
<doc>Pauses the test executed for the given time.</doc>
<msg timestamp="20221219 18:02:29.354" level="INFO">Slept 10 seconds</msg>
<status status="PASS" starttime="20221219 18:02:19.345" endtime="20221219 18:02:29.355"/>
</kw>
<status status="PASS" starttime="20221219 18:02:11.232" endtime="20221219 18:02:29.357"/>
</test>
<status status="PASS" starttime="20221219 18:02:10.928" endtime="20221219 18:02:29.363"/>
</suite>
<statistics>
<total>
<stat pass="1" fail="0" skip="0">All Tests</stat>
</total>
<tag>
</tag>
<suite>
<stat pass="1" fail="0" skip="0" id="s1" name="First">First</stat>
</suite>
</statistics>
<errors>
</errors>
</robot>
