<?xml version="1.0" encoding="UTF-8"?>
<robot generator="Robot 6.0.1 (Python 3.10.2 on win32)" generated="20221223 17:14:12.808" rpa="false" schemaversion="3">
<suite id="s1" name="AddElement" source="C:\Users\zon13\Documents\GitHub\FormacaoOnJob\Auto\Robots\AddElement\AddElement.Robot">
<test id="s1-t1" name="Add Element" line="6">
<kw name="Evaluate" library="BuiltIn">
<var>${chrome options}</var>
<arg>sys.modules['selenium.webdriver'].ChromeOptions()</arg>
<arg>sys, selenium.webdriver</arg>
<doc>Evaluates the given expression in Python and returns the result.</doc>
<msg timestamp="20221223 17:14:13.078" level="INFO">${chrome options} = &lt;selenium.webdriver.chrome.options.Options object at 0x00000226F3326830&gt;</msg>
<status status="PASS" starttime="20221223 17:14:13.078" endtime="20221223 17:14:13.078"/>
</kw>
<kw name="Create Webdriver" library="SeleniumLibrary">
<arg>Chrome</arg>
<arg>chrome_options=${chrome options}</arg>
<doc>Creates an instance of Selenium WebDriver.</doc>
<msg timestamp="20221223 17:14:13.079" level="INFO">Creating an instance of the Chrome WebDriver.</msg>
<status status="PASS" starttime="20221223 17:14:13.079" endtime="20221223 17:14:14.443"/>
</kw>
<kw name="Maximize Browser Window" library="SeleniumLibrary">
<doc>Maximizes current browser window.</doc>
<status status="PASS" starttime="20221223 17:14:14.443" endtime="20221223 17:14:14.569"/>
</kw>
<kw name="Go To" library="SeleniumLibrary">
<arg>https://the-internet.herokuapp.com/</arg>
<doc>Navigates the current browser window to the provided ``url``.</doc>
<msg timestamp="20221223 17:14:14.570" level="INFO">Opening url 'https://the-internet.herokuapp.com/'</msg>
<status status="PASS" starttime="20221223 17:14:14.569" endtime="20221223 17:14:16.165"/>
</kw>
<kw name="Click Link" library="SeleniumLibrary">
<arg>link:Add/Remove Elements</arg>
<doc>Clicks a link identified by ``locator``.</doc>
<msg timestamp="20221223 17:14:16.167" level="INFO">Clicking link 'link:Add/Remove Elements'.</msg>
<status status="PASS" starttime="20221223 17:14:16.166" endtime="20221223 17:14:16.412"/>
</kw>
<kw name="Sleep" library="BuiltIn">
<arg>1s</arg>
<doc>Pauses the test executed for the given time.</doc>
<msg timestamp="20221223 17:14:17.428" level="INFO">Slept 1 second</msg>
<status status="PASS" starttime="20221223 17:14:16.413" endtime="20221223 17:14:17.428"/>
</kw>
<kw name="Click Button" library="SeleniumLibrary">
<arg>Add Element</arg>
<doc>Clicks the button identified by ``locator``.</doc>
<msg timestamp="20221223 17:14:17.430" level="INFO">Clicking button 'Add Element'.</msg>
<status status="PASS" starttime="20221223 17:14:17.429" endtime="20221223 17:14:17.493"/>
</kw>
<kw name="Sleep" library="BuiltIn">
<arg>1s</arg>
<doc>Pauses the test executed for the given time.</doc>
<msg timestamp="20221223 17:14:18.504" level="INFO">Slept 1 second</msg>
<status status="PASS" starttime="20221223 17:14:17.494" endtime="20221223 17:14:18.504"/>
</kw>
<kw name="Wait Until Page Contains Element" library="SeleniumLibrary">
<arg>class:added-manually</arg>
<doc>Waits until the element ``locator`` appears on the current page.</doc>
<status status="PASS" starttime="20221223 17:14:18.505" endtime="20221223 17:14:18.517"/>
</kw>
<kw name="Click Button" library="SeleniumLibrary">
<arg>Delete</arg>
<doc>Clicks the button identified by ``locator``.</doc>
<msg timestamp="20221223 17:14:18.519" level="INFO">Clicking button 'Delete'.</msg>
<status status="PASS" starttime="20221223 17:14:18.518" endtime="20221223 17:14:18.575"/>
</kw>
<kw name="Sleep" library="BuiltIn">
<arg>1s</arg>
<doc>Pauses the test executed for the given time.</doc>
<msg timestamp="20221223 17:14:19.591" level="INFO">Slept 1 second</msg>
<status status="PASS" starttime="20221223 17:14:18.575" endtime="20221223 17:14:19.591"/>
</kw>
<kw name="Go Back" library="SeleniumLibrary">
<doc>Simulates the user clicking the back button on their browser.</doc>
<status status="PASS" starttime="20221223 17:14:19.592" endtime="20221223 17:14:19.615"/>
</kw>
<kw name="Sleep" library="BuiltIn">
<arg>1s</arg>
<doc>Pauses the test executed for the given time.</doc>
<msg timestamp="20221223 17:14:20.619" level="INFO">Slept 1 second</msg>
<status status="PASS" starttime="20221223 17:14:19.616" endtime="20221223 17:14:20.619"/>
</kw>
<kw name="Close Browser" library="SeleniumLibrary">
<doc>Closes the current browser.</doc>
<status status="PASS" starttime="20221223 17:14:20.619" endtime="20221223 17:14:22.787"/>
</kw>
<status status="PASS" starttime="20221223 17:14:13.077" endtime="20221223 17:14:22.788"/>
</test>
<status status="PASS" starttime="20221223 17:14:12.810" endtime="20221223 17:14:22.790"/>
</suite>
<statistics>
<total>
<stat pass="1" fail="0" skip="0">All Tests</stat>
</total>
<tag>
</tag>
<suite>
<stat pass="1" fail="0" skip="0" id="s1" name="AddElement">AddElement</stat>
</suite>
</statistics>
<errors>
</errors>
</robot>
