<?xml version="1.0" encoding="UTF-8"?>
<robot generator="Robot 6.0.1 (Python 3.10.2 on win32)" generated="20221220 16:25:07.779" rpa="true" schemaversion="3">
<suite id="s1" name="Second" source="C:\Users\zon13\Documents\GitHub\FormacaoOnJob\Automation\Second.Robot">
<test id="s1-t1" name="Worten Product" line="10">
<kw name="Open Browser" library="SeleniumLibrary">
<arg>https://worten.pt</arg>
<arg>Edge</arg>
<doc>Opens a new browser instance to the optional ``url``.</doc>
<msg timestamp="20221220 16:25:08.048" level="INFO">Opening browser 'Edge' to base url 'https://worten.pt'.</msg>
<status status="PASS" starttime="20221220 16:25:08.047" endtime="20221220 16:25:11.615"/>
</kw>
<kw name="Maximize Browser Window" library="SeleniumLibrary">
<doc>Maximizes current browser window.</doc>
<status status="PASS" starttime="20221220 16:25:11.616" endtime="20221220 16:25:12.001"/>
</kw>
<kw name="Wait Until Element Is Visible" library="SeleniumLibrary">
<arg>class:w-button-primary</arg>
<doc>Waits until the element ``locator`` is visible.</doc>
<status status="PASS" starttime="20221220 16:25:12.002" endtime="20221220 16:25:12.117"/>
</kw>
<kw name="Click Button" library="SeleniumLibrary">
<arg>class:w-button-primary</arg>
<doc>Clicks the button identified by ``locator``.</doc>
<msg timestamp="20221220 16:25:12.118" level="INFO">Clicking button 'class:w-button-primary'.</msg>
<status status="PASS" starttime="20221220 16:25:12.118" endtime="20221220 16:25:12.380"/>
</kw>
<kw name="Input Text" library="SeleniumLibrary">
<arg>id:search-input</arg>
<arg>Monitor</arg>
<doc>Types the given ``text`` into the text field identified by ``locator``.</doc>
<msg timestamp="20221220 16:25:12.381" level="INFO">Typing text 'Monitor' into text field 'id:search-input'.</msg>
<status status="PASS" starttime="20221220 16:25:12.381" endtime="20221220 16:25:12.568"/>
</kw>
<kw name="Press Keys" library="SeleniumLibrary">
<arg>id:search-input</arg>
<arg>ENTER</arg>
<doc>Simulates the user pressing key(s) to an element or on the active browser.</doc>
<msg timestamp="20221220 16:25:12.570" level="INFO">Sending key(s) ('ENTER',) to id:search-input element.</msg>
<msg timestamp="20221220 16:25:12.922" level="INFO">Pressing special key ENTER to element.</msg>
<msg timestamp="20221220 16:25:12.922" level="INFO">Releasing special key ENTER.</msg>
<status status="PASS" starttime="20221220 16:25:12.569" endtime="20221220 16:25:13.012"/>
</kw>
<kw name="Wait Until Page Contains Element" library="SeleniumLibrary">
<arg>id:order_by_search</arg>
<doc>Waits until the element ``locator`` appears on the current page.</doc>
<status status="PASS" starttime="20221220 16:25:13.013" endtime="20221220 16:25:14.152"/>
</kw>
<kw name="Select From List By Value" library="SeleniumLibrary">
<arg>order_by_search</arg>
<arg>priceAsc</arg>
<doc>Selects options from selection list ``locator`` by ``values``.</doc>
<msg timestamp="20221220 16:25:14.158" level="INFO">Selecting options from selection list 'order_by_search' by value priceAsc.</msg>
<status status="PASS" starttime="20221220 16:25:14.157" endtime="20221220 16:25:14.389"/>
</kw>
<kw name="Wait Until Page Does Not Contain Element" library="SeleniumLibrary">
<arg>class:w-loading</arg>
<doc>Waits until the element ``locator`` disappears from the current page.</doc>
<status status="PASS" starttime="20221220 16:25:14.390" endtime="20221220 16:25:15.138"/>
</kw>
<kw name="Click Element" library="SeleniumLibrary">
<arg>data:option:5 estrelas</arg>
<doc>Click the element identified by ``locator``.</doc>
<msg timestamp="20221220 16:25:15.140" level="INFO">Clicking element 'data:option:5 estrelas'.</msg>
<status status="PASS" starttime="20221220 16:25:15.139" endtime="20221220 16:25:15.269"/>
</kw>
<kw name="Wait Until Page Does Not Contain Element" library="SeleniumLibrary">
<arg>class:w-loading</arg>
<doc>Waits until the element ``locator`` disappears from the current page.</doc>
<status status="PASS" starttime="20221220 16:25:15.269" endtime="20221220 16:25:15.894"/>
</kw>
<kw name="Click Element" library="SeleniumLibrary">
<arg>data:option:24 horas úteis</arg>
<doc>Click the element identified by ``locator``.</doc>
<msg timestamp="20221220 16:25:15.895" level="INFO">Clicking element 'data:option:24 horas úteis'.</msg>
<status status="PASS" starttime="20221220 16:25:15.895" endtime="20221220 16:25:16.028"/>
</kw>
<kw name="Wait Until Page Does Not Contain Element" library="SeleniumLibrary">
<arg>class:w-loading</arg>
<doc>Waits until the element ``locator`` disappears from the current page.</doc>
<status status="PASS" starttime="20221220 16:25:16.028" endtime="20221220 16:25:16.405"/>
</kw>
<kw name="Sleep" library="BuiltIn">
<arg>1s</arg>
<doc>Pauses the test executed for the given time.</doc>
<msg timestamp="20221220 16:25:17.414" level="INFO">Slept 1 second</msg>
<status status="PASS" starttime="20221220 16:25:16.406" endtime="20221220 16:25:17.414"/>
</kw>
<kw name="Click Element" library="SeleniumLibrary">
<arg>rel:next</arg>
<doc>Click the element identified by ``locator``.</doc>
<msg timestamp="20221220 16:25:17.414" level="INFO">Clicking element 'rel:next'.</msg>
<msg timestamp="20221220 16:25:17.659" level="INFO" html="true">&lt;/td&gt;&lt;/tr&gt;&lt;tr&gt;&lt;td colspan="3"&gt;&lt;a href="selenium-screenshot-6.png"&gt;&lt;img src="selenium-screenshot-6.png" width="800px"&gt;&lt;/a&gt;</msg>
<msg timestamp="20221220 16:25:17.660" level="FAIL">Element with locator 'rel:next' not found.</msg>
<status status="FAIL" starttime="20221220 16:25:17.414" endtime="20221220 16:25:17.661"/>
</kw>
<kw name="Sleep" library="BuiltIn">
<arg>2s</arg>
<doc>Pauses the test executed for the given time.</doc>
<status status="NOT RUN" starttime="20221220 16:25:17.662" endtime="20221220 16:25:17.662"/>
</kw>
<status status="FAIL" starttime="20221220 16:25:08.046" endtime="20221220 16:25:17.663">Element with locator 'rel:next' not found.</status>
</test>
<status status="FAIL" starttime="20221220 16:25:07.781" endtime="20221220 16:25:17.665"/>
</suite>
<statistics>
<total>
<stat pass="0" fail="1" skip="0">All Tasks</stat>
</total>
<tag>
</tag>
<suite>
<stat pass="0" fail="1" skip="0" id="s1" name="Second">Second</stat>
</suite>
</statistics>
<errors>
</errors>
</robot>
