<?xml version="1.0" encoding="UTF-8"?>
<robot generator="Robot 6.0.1 (Python 3.10.2 on win32)" generated="20221223 16:00:15.734" rpa="false" schemaversion="3">
<suite id="s1" name="Download" source="C:\Users\zon13\Documents\GitHub\FormacaoOnJob\Auto\Robots\Download\Download.Robot">
<test id="s1-t1" name="File Download" line="12">
<kw name="Evaluate" library="BuiltIn">
<var>${chrome options}</var>
<arg>sys.modules['selenium.webdriver'].ChromeOptions()</arg>
<arg>sys, selenium.webdriver</arg>
<doc>Evaluates the given expression in Python and returns the result.</doc>
<msg timestamp="20221223 16:00:16.012" level="INFO">${chrome options} = &lt;selenium.webdriver.chrome.options.Options object at 0x000002A8C88ADC30&gt;</msg>
<status status="PASS" starttime="20221223 16:00:16.012" endtime="20221223 16:00:16.012"/>
</kw>
<kw name="Create Dictionary" library="BuiltIn">
<var>${prefs}</var>
<arg>download.default_directory=${DOWNLOAD_DIR}</arg>
<doc>Creates and returns a dictionary based on the given ``items``.</doc>
<msg timestamp="20221223 16:00:16.013" level="INFO">${prefs} = {'download.default_directory': 'C:\\Users\\zon13\\Documents\\GitHub\\FormacaoOnJob\\Auto\\Robots\\Download'}</msg>
<status status="PASS" starttime="20221223 16:00:16.013" endtime="20221223 16:00:16.013"/>
</kw>
<kw name="Call Method" library="BuiltIn">
<arg>${chrome options}</arg>
<arg>add_experimental_option</arg>
<arg>prefs</arg>
<arg>${prefs}</arg>
<doc>Calls the named method of the given object with the provided arguments.</doc>
<status status="PASS" starttime="20221223 16:00:16.014" endtime="20221223 16:00:16.014"/>
</kw>
<kw name="Create Webdriver" library="SeleniumLibrary">
<arg>Chrome</arg>
<arg>chrome_options=${chrome options}</arg>
<doc>Creates an instance of Selenium WebDriver.</doc>
<msg timestamp="20221223 16:00:16.015" level="INFO">Creating an instance of the Chrome WebDriver.</msg>
<status status="PASS" starttime="20221223 16:00:16.015" endtime="20221223 16:00:17.440"/>
</kw>
<kw name="Maximize Browser Window" library="SeleniumLibrary">
<doc>Maximizes current browser window.</doc>
<status status="PASS" starttime="20221223 16:00:17.440" endtime="20221223 16:00:17.563"/>
</kw>
<kw name="Go To" library="SeleniumLibrary">
<arg>https://the-internet.herokuapp.com/</arg>
<doc>Navigates the current browser window to the provided ``url``.</doc>
<msg timestamp="20221223 16:00:17.564" level="INFO">Opening url 'https://the-internet.herokuapp.com/'</msg>
<status status="PASS" starttime="20221223 16:00:17.564" endtime="20221223 16:00:19.104"/>
</kw>
<kw name="Click Link" library="SeleniumLibrary">
<arg>link:File Download</arg>
<doc>Clicks a link identified by ``locator``.</doc>
<msg timestamp="20221223 16:00:19.106" level="INFO">Clicking link 'link:File Download'.</msg>
<status status="PASS" starttime="20221223 16:00:19.105" endtime="20221223 16:00:19.352"/>
</kw>
<kw name="Click Link" library="SeleniumLibrary">
<arg>link:${FILENAME}</arg>
<doc>Clicks a link identified by ``locator``.</doc>
<msg timestamp="20221223 16:00:19.354" level="INFO">Clicking link 'link:AssamHistoricBook.jpg'.</msg>
<status status="PASS" starttime="20221223 16:00:19.353" endtime="20221223 16:00:19.539"/>
</kw>
<kw name="Wait For Download To Complete">
<kw name="Wait Until Keyword Succeeds" library="BuiltIn">
<arg>2 min</arg>
<arg>5 sec</arg>
<arg>File Should Exist</arg>
<arg>${FILENAME}</arg>
<doc>Runs the specified keyword and retries if it fails.</doc>
<kw name="File Should Exist" library="OperatingSystem">
<arg>${FILENAME}</arg>
<doc>Fails unless the given ``path`` points to an existing file.</doc>
<msg timestamp="20221223 16:00:19.542" level="FAIL">File 'C:\Users\zon13\Documents\GitHub\FormacaoOnJob\Auto\Robots\Download\AssamHistoricBook.jpg' does not exist.</msg>
<status status="FAIL" starttime="20221223 16:00:19.541" endtime="20221223 16:00:19.542"/>
</kw>
<kw name="File Should Exist" library="OperatingSystem">
<arg>${FILENAME}</arg>
<doc>Fails unless the given ``path`` points to an existing file.</doc>
<msg timestamp="20221223 16:00:24.557" level="INFO" html="true">File '&lt;a href="file://C:\Users\zon13\Documents\GitHub\FormacaoOnJob\Auto\Robots\Download\AssamHistoricBook.jpg"&gt;C:\Users\zon13\Documents\GitHub\FormacaoOnJob\Auto\Robots\Download\AssamHistoricBook.jpg&lt;/a&gt;' exists.</msg>
<status status="PASS" starttime="20221223 16:00:24.557" endtime="20221223 16:00:24.557"/>
</kw>
<status status="PASS" starttime="20221223 16:00:19.541" endtime="20221223 16:00:24.557"/>
</kw>
<status status="PASS" starttime="20221223 16:00:19.540" endtime="20221223 16:00:24.558"/>
</kw>
<kw name="Go Back" library="SeleniumLibrary">
<doc>Simulates the user clicking the back button on their browser.</doc>
<status status="PASS" starttime="20221223 16:00:24.559" endtime="20221223 16:00:24.584"/>
</kw>
<kw name="Sleep" library="BuiltIn">
<arg>2s</arg>
<doc>Pauses the test executed for the given time.</doc>
<msg timestamp="20221223 16:00:26.600" level="INFO">Slept 2 seconds</msg>
<status status="PASS" starttime="20221223 16:00:24.585" endtime="20221223 16:00:26.600"/>
</kw>
<status status="PASS" starttime="20221223 16:00:16.011" endtime="20221223 16:00:26.600"/>
</test>
<status status="PASS" starttime="20221223 16:00:15.736" endtime="20221223 16:00:26.603"/>
</suite>
<statistics>
<total>
<stat pass="1" fail="0" skip="0">All Tests</stat>
</total>
<tag>
</tag>
<suite>
<stat pass="1" fail="0" skip="0" id="s1" name="Download">Download</stat>
</suite>
</statistics>
<errors>
</errors>
</robot>
