<?xml version="1.0" encoding="UTF-8"?>
<robot generator="Robot 6.0.1 (Python 3.10.2 on win32)" generated="20221219 17:13:17.633" rpa="false" schemaversion="3">
<suite id="s1" name="First" source="C:\Users\zon13\Documents\GitHub\FormacaoOnJob\Automation\First.Robot">
<test id="s1-t1" name="Valid Login" line="6">
<kw name="Open Browser" library="SeleniumLibrary">
<arg>https://google.pt</arg>
<arg>Edge</arg>
<doc>Opens a new browser instance to the optional ``url``.</doc>
<msg timestamp="20221219 17:13:17.903" level="INFO">Opening browser 'Edge' to base url 'https://google.pt'.</msg>
<status status="PASS" starttime="20221219 17:13:17.903" endtime="20221219 17:13:19.927"/>
</kw>
<kw name="Sleep" library="BuiltIn">
<arg>3s</arg>
<doc>Pauses the test executed for the given time.</doc>
<msg timestamp="20221219 17:13:22.940" level="INFO">Slept 3 seconds</msg>
<status status="PASS" starttime="20221219 17:13:19.928" endtime="20221219 17:13:22.940"/>
</kw>
<status status="PASS" starttime="20221219 17:13:17.902" endtime="20221219 17:13:22.941"/>
</test>
<doc>Simple example using SeleniumLibrary.</doc>
<status status="PASS" starttime="20221219 17:13:17.635" endtime="20221219 17:13:22.943"/>
</suite>
<statistics>
<total>
<stat pass="1" fail="0" skip="0">All Tests</stat>
</total>
<tag>
</tag>
<suite>
<stat pass="1" fail="0" skip="0" id="s1" name="First">First</stat>
</suite>
</statistics>
<errors>
</errors>
</robot>
